<?xml version="1.0" encoding="UTF-8"?>
<!-- Generated by org.testng.reporters.JUnitReportReporter -->
<testsuite hostname="JAKs" name="com.testcases.poojastore.LoginTest" tests="2" failures="0" timestamp="1 Mar 2023 05:00:14 GMT" time="35.751" errors="0">
  <testcase name="verifyTitle" time="8.950" classname="com.testcases.poojastore.LoginTest"/>
  <testcase name="verifyLoginpage" time="26.801" classname="com.testcases.poojastore.LoginTest"/>
</testsuite> <!-- com.testcases.poojastore.LoginTest -->
